<?xml version="1.0" encoding="UTF-8"?>
<testsuite xmlns:xsi="http://www.w3.org/2001/XMLSchema-instance" xsi:noNamespaceSchemaLocation="https://maven.apache.org/surefire/maven-surefire-plugin/xsd/surefire-test-report-3.0.xsd" version="3.0" name="com.unibuc.fmi.review_everything.service.MovieServiceTest" time="0.433" tests="3" errors="0" skipped="0" failures="0">
  <properties>
[...]
</properties>
  <testcase name="createMovie_ShouldReturnMovieResponseDto" classname="com.unibuc.fmi.review_everything.service.MovieServiceTest" time="0.41"/>
  <testcase name="findMovieById_ExistingMovieId_ShouldReturnMovieResponseDto" classname="com.unibuc.fmi.review_everything.service.MovieServiceTest" time="0.01"/>
  <testcase name="findMovieById_NonExistingMovieId_ShouldThrowMovieNotFoundException" classname="com.unibuc.fmi.review_everything.service.MovieServiceTest" time="0.006"/>
</testsuite>